687 INFO: PyInstaller: 6.20.0, contrib hooks: 2026.5
688 INFO: Python: 3.11.9
698 INFO: Platform: Windows-10-10.0.26200-SP0
699 INFO: Python environment: C:\Program Files\WindowsApps\PythonSoftwareFoundation.Python.3.11_3.11.2544.0_x64__qbz5n2kfra8p0
701 INFO: wrote C:\Users\USER\Desktop\Stock\Stock.spec
712 INFO: Removing temporary files and cleaning cache in C:\Users\USER\AppData\Local\pyinstaller
720 INFO: Module search paths (PYTHONPATH):
['C:\\Users\\USER\\Desktop\\Stock',
 'C:\\Program '
 'Files\\WindowsApps\\PythonSoftwareFoundation.Python.3.11_3.11.2544.0_x64__qbz5n2kfra8p0\\python311.zip',
 'C:\\Program '
 'Files\\WindowsApps\\PythonSoftwareFoundation.Python.3.11_3.11.2544.0_x64__qbz5n2kfra8p0\\DLLs',
 'C:\\Program '
 'Files\\WindowsApps\\PythonSoftwareFoundation.Python.3.11_3.11.2544.0_x64__qbz5n2kfra8p0\\Lib',
 'C:\\Program '
 'Files\\WindowsApps\\PythonSoftwareFoundation.Python.3.11_3.11.2544.0_x64__qbz5n2kfra8p0',
 'C:\\Users\\USER\\AppData\\Local\\Packages\\PythonSoftwareFoundation.Python.3.11_qbz5n2kfra8p0\\LocalCache\\local-packages\\Python311\\site-packages',
 'C:\\Users\\USER\\AppData\\Local\\Packages\\PythonSoftwareFoundation.Python.3.11_qbz5n2kfra8p0\\LocalCache\\local-packages\\Python311\\site-packages\\win32',
 'C:\\Users\\USER\\AppData\\Local\\Packages\\PythonSoftwareFoundation.Python.3.11_qbz5n2kfra8p0\\LocalCache\\local-packages\\Python311\\site-packages\\win32\\lib',
 'C:\\Users\\USER\\AppData\\Local\\Packages\\PythonSoftwareFoundation.Python.3.11_qbz5n2kfra8p0\\LocalCache\\local-packages\\Python311\\site-packages\\Pythonwin',
 'C:\\Program '
 'Files\\WindowsApps\\PythonSoftwareFoundation.Python.3.11_3.11.2544.0_x64__qbz5n2kfra8p0\\Lib\\site-packages',
 'C:\\Users\\USER\\Desktop\\Stock']
2529 INFO: Appending 'datas' from .spec
2530 INFO: checking Analysis
2530 INFO: Building Analysis because Analysis-00.toc is non existent
2530 INFO: Looking for Python shared library...
2531 INFO: Using Python shared library: C:\Program Files\WindowsApps\PythonSoftwareFoundation.Python.3.11_3.11.2544.0_x64__qbz5n2kfra8p0\python311.dll
2531 INFO: Running Analysis Analysis-00.toc
2531 INFO: Target bytecode optimization level: 0
2531 INFO: Initializing module dependency graph...
2534 INFO: Initializing module graph hook caches...
2585 INFO: Analyzing modules for base_library.zip ...
3545 INFO: Processing standard module hook 'hook-heapq.py' from 'C:\\Users\\USER\\AppData\\Local\\Packages\\PythonSoftwareFoundation.Python.3.11_qbz5n2kfra8p0\\LocalCache\\local-packages\\Python311\\site-packages\\PyInstaller\\hooks'
3705 INFO: Processing standard module hook 'hook-encodings.py' from 'C:\\Users\\USER\\AppData\\Local\\Packages\\PythonSoftwareFoundation.Python.3.11_qbz5n2kfra8p0\\LocalCache\\local-packages\\Python311\\site-packages\\PyInstaller\\hooks'
5168 INFO: Processing standard module hook 'hook-pickle.py' from 'C:\\Users\\USER\\AppData\\Local\\Packages\\PythonSoftwareFoundation.Python.3.11_qbz5n2kfra8p0\\LocalCache\\local-packages\\Python311\\site-packages\\PyInstaller\\hooks'
6390 INFO: Caching module dependency graph...
6425 INFO: Analyzing C:\Users\USER\Desktop\Stock\main.py
6461 INFO: Processing pre-find-module-path hook 'hook-tkinter.py' from 'C:\\Users\\USER\\AppData\\Local\\Packages\\PythonSoftwareFoundation.Python.3.11_qbz5n2kfra8p0\\LocalCache\\local-packages\\Python311\\site-packages\\PyInstaller\\hooks\\pre_find_module_path'
6478 INFO: TclTkInfo: initializing cached Tcl/Tk info...
6943 INFO: Processing standard module hook 'hook-_tkinter.py' from 'C:\\Users\\USER\\AppData\\Local\\Packages\\PythonSoftwareFoundation.Python.3.11_qbz5n2kfra8p0\\LocalCache\\local-packages\\Python311\\site-packages\\PyInstaller\\hooks'
7008 INFO: Processing standard module hook 'hook-pandas.py' from 'C:\\Users\\USER\\AppData\\Local\\Packages\\PythonSoftwareFoundation.Python.3.11_qbz5n2kfra8p0\\LocalCache\\local-packages\\Python311\\site-packages\\PyInstaller\\hooks'
8363 INFO: Processing standard module hook 'hook-platform.py' from 'C:\\Users\\USER\\AppData\\Local\\Packages\\PythonSoftwareFoundation.Python.3.11_qbz5n2kfra8p0\\LocalCache\\local-packages\\Python311\\site-packages\\PyInstaller\\hooks'
8398 INFO: Processing standard module hook 'hook-sysconfig.py' from 'C:\\Users\\USER\\AppData\\Local\\Packages\\PythonSoftwareFoundation.Python.3.11_qbz5n2kfra8p0\\LocalCache\\local-packages\\Python311\\site-packages\\PyInstaller\\hooks'
8459 INFO: Processing standard module hook 'hook-numpy.py' from 'C:\\Users\\USER\\AppData\\Local\\Packages\\PythonSoftwareFoundation.Python.3.11_qbz5n2kfra8p0\\LocalCache\\local-packages\\Python311\\site-packages\\PyInstaller\\hooks'
9143 INFO: Processing standard module hook 'hook-_ctypes.py' from 'C:\\Users\\USER\\AppData\\Local\\Packages\\PythonSoftwareFoundation.Python.3.11_qbz5n2kfra8p0\\LocalCache\\local-packages\\Python311\\site-packages\\PyInstaller\\hooks'
10400 INFO: Processing standard module hook 'hook-difflib.py' from 'C:\\Users\\USER\\AppData\\Local\\Packages\\PythonSoftwareFoundation.Python.3.11_qbz5n2kfra8p0\\LocalCache\\local-packages\\Python311\\site-packages\\PyInstaller\\hooks'
10588 INFO: Processing standard module hook 'hook-multiprocessing.util.py' from 'C:\\Users\\USER\\AppData\\Local\\Packages\\PythonSoftwareFoundation.Python.3.11_qbz5n2kfra8p0\\LocalCache\\local-packages\\Python311\\site-packages\\PyInstaller\\hooks'
10653 INFO: Processing standard module hook 'hook-xml.py' from 'C:\\Users\\USER\\AppData\\Local\\Packages\\PythonSoftwareFoundation.Python.3.11_qbz5n2kfra8p0\\LocalCache\\local-packages\\Python311\\site-packages\\PyInstaller\\hooks'
11354 INFO: Processing standard module hook 'hook-psutil.py' from 'C:\\Users\\USER\\AppData\\Local\\Packages\\PythonSoftwareFoundation.Python.3.11_qbz5n2kfra8p0\\LocalCache\\local-packages\\Python311\\site-packages\\_pyinstaller_hooks_contrib\\stdhooks'
13329 INFO: Processing standard module hook 'hook-charset_normalizer.py' from 'C:\\Users\\USER\\AppData\\Local\\Packages\\PythonSoftwareFoundation.Python.3.11_qbz5n2kfra8p0\\LocalCache\\local-packages\\Python311\\site-packages\\_pyinstaller_hooks_contrib\\stdhooks'
13496 INFO: Processing pre-safe-import-module hook 'hook-typing_extensions.py' from 'C:\\Users\\USER\\AppData\\Local\\Packages\\PythonSoftwareFoundation.Python.3.11_qbz5n2kfra8p0\\LocalCache\\local-packages\\Python311\\site-packages\\PyInstaller\\hooks\\pre_safe_import_module'
13510 INFO: SetuptoolsInfo: initializing cached setuptools info...
15140 INFO: Processing standard module hook 'hook-pytz.py' from 'C:\\Users\\USER\\AppData\\Local\\Packages\\PythonSoftwareFoundation.Python.3.11_qbz5n2kfra8p0\\LocalCache\\local-packages\\Python311\\site-packages\\PyInstaller\\hooks'
18561 INFO: Processing standard module hook 'hook-pandas.io.formats.style.py' from 'C:\\Users\\USER\\AppData\\Local\\Packages\\PythonSoftwareFoundation.Python.3.11_qbz5n2kfra8p0\\LocalCache\\local-packages\\Python311\\site-packages\\PyInstaller\\hooks'
21366 INFO: Processing standard module hook 'hook-pandas.plotting.py' from 'C:\\Users\\USER\\AppData\\Local\\Packages\\PythonSoftwareFoundation.Python.3.11_qbz5n2kfra8p0\\LocalCache\\local-packages\\Python311\\site-packages\\PyInstaller\\hooks'
22825 INFO: Processing standard module hook 'hook-sqlite3.py' from 'C:\\Users\\USER\\AppData\\Local\\Packages\\PythonSoftwareFoundation.Python.3.11_qbz5n2kfra8p0\\LocalCache\\local-packages\\Python311\\site-packages\\PyInstaller\\hooks'
23160 INFO: Processing standard module hook 'hook-pandas.io.clipboard.py' from 'C:\\Users\\USER\\AppData\\Local\\Packages\\PythonSoftwareFoundation.Python.3.11_qbz5n2kfra8p0\\LocalCache\\local-packages\\Python311\\site-packages\\PyInstaller\\hooks'
23566 INFO: Processing standard module hook 'hook-dateutil.py' from 'C:\\Users\\USER\\AppData\\Local\\Packages\\PythonSoftwareFoundation.Python.3.11_qbz5n2kfra8p0\\LocalCache\\local-packages\\Python311\\site-packages\\_pyinstaller_hooks_contrib\\stdhooks'
23767 INFO: Processing pre-safe-import-module hook 'hook-six.moves.py' from 'C:\\Users\\USER\\AppData\\Local\\Packages\\PythonSoftwareFoundation.Python.3.11_qbz5n2kfra8p0\\LocalCache\\local-packages\\Python311\\site-packages\\PyInstaller\\hooks\\pre_safe_import_module'
24295 INFO: Processing standard module hook 'hook-fsspec.py' from 'C:\\Users\\USER\\AppData\\Local\\Packages\\PythonSoftwareFoundation.Python.3.11_qbz5n2kfra8p0\\LocalCache\\local-packages\\Python311\\site-packages\\_pyinstaller_hooks_contrib\\stdhooks'
25062 INFO: Processing pre-safe-import-module hook 'hook-importlib_resources.py' from 'C:\\Users\\USER\\AppData\\Local\\Packages\\PythonSoftwareFoundation.Python.3.11_qbz5n2kfra8p0\\LocalCache\\local-packages\\Python311\\site-packages\\PyInstaller\\hooks\\pre_safe_import_module'
25671 INFO: Processing standard module hook 'hook-xml.etree.cElementTree.py' from 'C:\\Users\\USER\\AppData\\Local\\Packages\\PythonSoftwareFoundation.Python.3.11_qbz5n2kfra8p0\\LocalCache\\local-packages\\Python311\\site-packages\\PyInstaller\\hooks'
25688 INFO: Processing standard module hook 'hook-lxml.py' from 'C:\\Users\\USER\\AppData\\Local\\Packages\\PythonSoftwareFoundation.Python.3.11_qbz5n2kfra8p0\\LocalCache\\local-packages\\Python311\\site-packages\\_pyinstaller_hooks_contrib\\stdhooks'
26164 INFO: Processing standard module hook 'hook-lxml.etree.py' from 'C:\\Users\\USER\\AppData\\Local\\Packages\\PythonSoftwareFoundation.Python.3.11_qbz5n2kfra8p0\\LocalCache\\local-packages\\Python311\\site-packages\\_pyinstaller_hooks_contrib\\stdhooks'
26180 INFO: Processing standard module hook 'hook-xml.dom.domreg.py' from 'C:\\Users\\USER\\AppData\\Local\\Packages\\PythonSoftwareFoundation.Python.3.11_qbz5n2kfra8p0\\LocalCache\\local-packages\\Python311\\site-packages\\PyInstaller\\hooks'
26681 INFO: Processing standard module hook 'hook-pytest.py' from 'C:\\Users\\USER\\AppData\\Local\\Packages\\PythonSoftwareFoundation.Python.3.11_qbz5n2kfra8p0\\LocalCache\\local-packages\\Python311\\site-packages\\_pyinstaller_hooks_contrib\\stdhooks'
27636 INFO: Processing standard module hook 'hook-pygments.py' from 'C:\\Users\\USER\\AppData\\Local\\Packages\\PythonSoftwareFoundation.Python.3.11_qbz5n2kfra8p0\\LocalCache\\local-packages\\Python311\\site-packages\\PyInstaller\\hooks'
29181 INFO: Processing standard module hook 'hook-py.py' from 'C:\\Users\\USER\\AppData\\Local\\Packages\\PythonSoftwareFoundation.Python.3.11_qbz5n2kfra8p0\\LocalCache\\local-packages\\Python311\\site-packages\\_pyinstaller_hooks_contrib\\stdhooks'
29462 INFO: Processing pre-safe-import-module hook 'hook-packaging.py' from 'C:\\Users\\USER\\AppData\\Local\\Packages\\PythonSoftwareFoundation.Python.3.11_qbz5n2kfra8p0\\LocalCache\\local-packages\\Python311\\site-packages\\PyInstaller\\hooks\\pre_safe_import_module'
29732 INFO: Processing pre-safe-import-module hook 'hook-tomli.py' from 'C:\\Users\\USER\\AppData\\Local\\Packages\\PythonSoftwareFoundation.Python.3.11_qbz5n2kfra8p0\\LocalCache\\local-packages\\Python311\\site-packages\\PyInstaller\\hooks\\pre_safe_import_module'
30875 INFO: Processing standard module hook 'hook-pkg_resources.py' from 'C:\\Users\\USER\\AppData\\Local\\Packages\\PythonSoftwareFoundation.Python.3.11_qbz5n2kfra8p0\\LocalCache\\local-packages\\Python311\\site-packages\\PyInstaller\\hooks'
34051 INFO: Processing standard module hook 'hook-urllib3.py' from 'C:\\Users\\USER\\AppData\\Local\\Packages\\PythonSoftwareFoundation.Python.3.11_qbz5n2kfra8p0\\LocalCache\\local-packages\\Python311\\site-packages\\_pyinstaller_hooks_contrib\\stdhooks'
35152 INFO: Processing standard module hook 'hook-cryptography.py' from 'C:\\Users\\USER\\AppData\\Local\\Packages\\PythonSoftwareFoundation.Python.3.11_qbz5n2kfra8p0\\LocalCache\\local-packages\\Python311\\site-packages\\_pyinstaller_hooks_contrib\\stdhooks'
37398 INFO: hook-cryptography: cryptography does not seem to be using dynamically linked OpenSSL.
38084 INFO: Processing standard module hook 'hook-certifi.py' from 'C:\\Users\\USER\\AppData\\Local\\Packages\\PythonSoftwareFoundation.Python.3.11_qbz5n2kfra8p0\\LocalCache\\local-packages\\Python311\\site-packages\\_pyinstaller_hooks_contrib\\stdhooks'
38802 INFO: Processing pre-safe-import-module hook 'hook-platformdirs.py' from 'C:\\Users\\USER\\AppData\\Local\\Packages\\PythonSoftwareFoundation.Python.3.11_qbz5n2kfra8p0\\LocalCache\\local-packages\\Python311\\site-packages\\PyInstaller\\hooks\\pre_safe_import_module'
38828 INFO: Processing standard module hook 'hook-platformdirs.py' from 'C:\\Users\\USER\\AppData\\Local\\Packages\\PythonSoftwareFoundation.Python.3.11_qbz5n2kfra8p0\\LocalCache\\local-packages\\Python311\\site-packages\\_pyinstaller_hooks_contrib\\stdhooks'
39357 INFO: Processing module hooks (post-graph stage)...
41480 INFO: Processing standard module hook 'hook-jinja2.py' from 'C:\\Users\\USER\\AppData\\Local\\Packages\\PythonSoftwareFoundation.Python.3.11_qbz5n2kfra8p0\\LocalCache\\local-packages\\Python311\\site-packages\\_pyinstaller_hooks_contrib\\stdhooks'
42425 INFO: Processing standard module hook 'hook-lxml.isoschematron.py' from 'C:\\Users\\USER\\AppData\\Local\\Packages\\PythonSoftwareFoundation.Python.3.11_qbz5n2kfra8p0\\LocalCache\\local-packages\\Python311\\site-packages\\_pyinstaller_hooks_contrib\\stdhooks'
42911 INFO: Processing pre-safe-import-module hook 'hook-win32com.py' from 'C:\\Users\\USER\\AppData\\Local\\Packages\\PythonSoftwareFoundation.Python.3.11_qbz5n2kfra8p0\\LocalCache\\local-packages\\Python311\\site-packages\\_pyinstaller_hooks_contrib\\pre_safe_import_module'
43030 INFO: Processing standard module hook 'hook-win32com.py' from 'C:\\Users\\USER\\AppData\\Local\\Packages\\PythonSoftwareFoundation.Python.3.11_qbz5n2kfra8p0\\LocalCache\\local-packages\\Python311\\site-packages\\_pyinstaller_hooks_contrib\\stdhooks'
43044 INFO: Processing standard module hook 'hook-pythoncom.py' from 'C:\\Users\\USER\\AppData\\Local\\Packages\\PythonSoftwareFoundation.Python.3.11_qbz5n2kfra8p0\\LocalCache\\local-packages\\Python311\\site-packages\\_pyinstaller_hooks_contrib\\stdhooks'
43158 INFO: Processing standard module hook 'hook-pywintypes.py' from 'C:\\Users\\USER\\AppData\\Local\\Packages\\PythonSoftwareFoundation.Python.3.11_qbz5n2kfra8p0\\LocalCache\\local-packages\\Python311\\site-packages\\_pyinstaller_hooks_contrib\\stdhooks'
49031 INFO: Processing standard module hook 'hook-_tkinter.py' from 'C:\\Users\\USER\\AppData\\Local\\Packages\\PythonSoftwareFoundation.Python.3.11_qbz5n2kfra8p0\\LocalCache\\local-packages\\Python311\\site-packages\\PyInstaller\\hooks'
49033 INFO: Processing standard module hook 'hook-lxml.objectify.py' from 'C:\\Users\\USER\\AppData\\Local\\Packages\\PythonSoftwareFoundation.Python.3.11_qbz5n2kfra8p0\\LocalCache\\local-packages\\Python311\\site-packages\\_pyinstaller_hooks_contrib\\stdhooks'
49692 INFO: Performing binary vs. data reclassification (1560 entries)
50299 INFO: Looking for ctypes DLLs
50408 INFO: Analyzing run-time hooks ...
50417 INFO: Including run-time hook 'pyi_rth_inspect.py' from 'C:\\Users\\USER\\AppData\\Local\\Packages\\PythonSoftwareFoundation.Python.3.11_qbz5n2kfra8p0\\LocalCache\\local-packages\\Python311\\site-packages\\PyInstaller\\hooks\\rthooks'
50429 INFO: Including run-time hook 'pyi_rth_pkgutil.py' from 'C:\\Users\\USER\\AppData\\Local\\Packages\\PythonSoftwareFoundation.Python.3.11_qbz5n2kfra8p0\\LocalCache\\local-packages\\Python311\\site-packages\\PyInstaller\\hooks\\rthooks'
50441 INFO: Including run-time hook 'pyi_rth_multiprocessing.py' from 'C:\\Users\\USER\\AppData\\Local\\Packages\\PythonSoftwareFoundation.Python.3.11_qbz5n2kfra8p0\\LocalCache\\local-packages\\Python311\\site-packages\\PyInstaller\\hooks\\rthooks'
50452 INFO: Including run-time hook 'pyi_rth_traitlets.py' from 'C:\\Users\\USER\\AppData\\Local\\Packages\\PythonSoftwareFoundation.Python.3.11_qbz5n2kfra8p0\\LocalCache\\local-packages\\Python311\\site-packages\\_pyinstaller_hooks_contrib\\rthooks'
50461 INFO: Including run-time hook 'pyi_rth_cryptography_openssl.py' from 'C:\\Users\\USER\\AppData\\Local\\Packages\\PythonSoftwareFoundation.Python.3.11_qbz5n2kfra8p0\\LocalCache\\local-packages\\Python311\\site-packages\\_pyinstaller_hooks_contrib\\rthooks'
50470 INFO: Including run-time hook 'pyi_rth_pkgres.py' from 'C:\\Users\\USER\\AppData\\Local\\Packages\\PythonSoftwareFoundation.Python.3.11_qbz5n2kfra8p0\\LocalCache\\local-packages\\Python311\\site-packages\\PyInstaller\\hooks\\rthooks'
50484 INFO: Including run-time hook 'pyi_rth_pywintypes.py' from 'C:\\Users\\USER\\AppData\\Local\\Packages\\PythonSoftwareFoundation.Python.3.11_qbz5n2kfra8p0\\LocalCache\\local-packages\\Python311\\site-packages\\_pyinstaller_hooks_contrib\\rthooks'
50493 INFO: Including run-time hook 'pyi_rth_pythoncom.py' from 'C:\\Users\\USER\\AppData\\Local\\Packages\\PythonSoftwareFoundation.Python.3.11_qbz5n2kfra8p0\\LocalCache\\local-packages\\Python311\\site-packages\\_pyinstaller_hooks_contrib\\rthooks'
50495 INFO: Including run-time hook 'pyi_rth__tkinter.py' from 'C:\\Users\\USER\\AppData\\Local\\Packages\\PythonSoftwareFoundation.Python.3.11_qbz5n2kfra8p0\\LocalCache\\local-packages\\Python311\\site-packages\\PyInstaller\\hooks\\rthooks'
50556 INFO: Creating base_library.zip...
50575 INFO: Looking for dynamic libraries
59817 INFO: Extra DLL search directories (AddDllDirectory): ['C:\\Users\\USER\\AppData\\Local\\Packages\\PythonSoftwareFoundation.Python.3.11_qbz5n2kfra8p0\\LocalCache\\local-packages\\Python311\\site-packages\\pandas.libs', 'C:\\Users\\USER\\AppData\\Local\\Packages\\PythonSoftwareFoundation.Python.3.11_qbz5n2kfra8p0\\LocalCache\\local-packages\\Python311\\site-packages\\numpy.libs', 'C:\\Users\\USER\\AppData\\Local\\Packages\\PythonSoftwareFoundation.Python.3.11_qbz5n2kfra8p0\\LocalCache\\local-packages\\Python311\\site-packages\\scipy.libs', 'C:\\Users\\USER\\AppData\\Local\\Packages\\PythonSoftwareFoundation.Python.3.11_qbz5n2kfra8p0\\LocalCache\\local-packages\\Python311\\site-packages\\llvmlite.libs']
59817 INFO: Extra DLL search directories (PATH): []
61608 INFO: Warnings written to C:\Users\USER\Desktop\Stock\build\Stock\warn-Stock.txt
61766 INFO: Graph cross-reference written to C:\Users\USER\Desktop\Stock\build\Stock\xref-Stock.html
61880 INFO: checking PYZ
61881 INFO: Building PYZ because PYZ-00.toc is non existent
61881 INFO: Building PYZ (ZlibArchive) C:\Users\USER\Desktop\Stock\build\Stock\PYZ-00.pyz
63174 INFO: Building PYZ (ZlibArchive) C:\Users\USER\Desktop\Stock\build\Stock\PYZ-00.pyz completed successfully.
63222 INFO: checking PKG
63222 INFO: Building PKG because PKG-00.toc is non existent
63222 INFO: Building PKG (CArchive) Stock.pkg
73535 INFO: Building PKG (CArchive) Stock.pkg completed successfully.
73565 INFO: Bootloader C:\Users\USER\AppData\Local\Packages\PythonSoftwareFoundation.Python.3.11_qbz5n2kfra8p0\LocalCache\local-packages\Python311\site-packages\PyInstaller\bootloader\Windows-64bit-intel\runw.exe
73565 INFO: checking EXE
73565 INFO: Building EXE because EXE-00.toc is non existent
73566 INFO: Building EXE from EXE-00.toc
73566 INFO: Copying bootloader EXE to C:\Users\USER\Desktop\Stock\dist\Stock.exe
73574 INFO: Copying icon to EXE
73586 INFO: Copying 0 resources to EXE
73587 INFO: Embedding manifest in EXE
73592 INFO: Appending PKG archive to EXE
73694 INFO: Fixing EXE headers
77321 INFO: Building EXE from EXE-00.toc completed successfully.
77351 INFO: Build complete! The results are available in: C:\Users\USER\Desktop\Stock\dist
